#
# A fatal error has been detected by the Java Runtime Environment:
#
#  EXCEPTION_ACCESS_VIOLATION (0xc0000005) at pc=0x000000006eb83a5b, pid=9312, tid=8144
#
# JRE version: Java(TM) SE Runtime Environment (7.0_60-b19) (build 1.7.0_60-b19)
# Java VM: Java HotSpot(TM) 64-Bit Server VM (24.60-b09 mixed mode windows-amd64 compressed oops)
# Problematic frame:
# V  [jvm.dll+0x143a5b]
#
# Failed to write core dump. Minidumps are not enabled by default on client versions of Windows
#
# If you would like to submit a bug report, please visit:
#   http://bugreport.sun.com/bugreport/crash.jsp
#

---------------  T H R E A D  ---------------

Current thread (0x000000000c533000):  JavaThread "JDWP Transport Listener: dt_socket" daemon [_thread_in_vm, id=8144, stack(0x000000000ccb0000,0x000000000cdb0000)]

siginfo: ExceptionCode=0xc0000005, reading address 0xffffffffffffffff

Registers:
RAX=0x000000000cdaf401, RBX=0x000000000c533000, RCX=0x74556e6f69737365, RDX=0x0000000000000000
RSP=0x000000000cdaf3c0, RBP=0x74556e6f69737365, RSI=0x000000000cdaf4d8, RDI=0x00000000024fc0d0
R8 =0x000000000c533000, R9 =0x0000000000000700, R10=0x0000000000000000, R11=0x0000234e001e0002
R12=0x0000000000000000, R13=0x000000000ae65918, R14=0x0000000000000000, R15=0x0000000000000000
RIP=0x000000006eb83a5b, EFLAGS=0x0000000000010206

Top of Stack: (sp=0x000000000cdaf3c0)
0x000000000cdaf3c0:   000000000c533000 0000000000000003
0x000000000cdaf3d0:   000000000cdaf488 000000006ed24c59
0x000000000cdaf3e0:   000000000c533000 000000006ed42802
0x000000000cdaf3f0:   0000000000000000 0000000051298e8d
0x000000000cdaf400:   0000000011d63800 00000000512a2666
0x000000000cdaf410:   000000000c533000 0000000000000000
0x000000000cdaf420:   0000000000000000 0000000000000000
0x000000000cdaf430:   74556e6f69737365 00000000512a175d
0x000000000cdaf440:   000000000cdaf4d8 000000000cdaf4b0
0x000000000cdaf450:   0000000000000001 0000000011d63800
0x000000000cdaf460:   74556e6f69737365 00000000512853b3
0x000000000cdaf470:   000000000cdaf5a0 0000000000000001
0x000000000cdaf480:   0000000000000001 0000000011d63800
0x000000000cdaf490:   000000000000000a 0000000000000000
0x000000000cdaf4a0:   0000000000000000 0000000000000000
0x000000000cdaf4b0:   0000000000000001 0000000051285571 

Instructions: (pc=0x000000006eb83a5b)
0x000000006eb83a3b:   48 8b 5c 24 30 48 89 47 18 48 83 c4 20 5f c3 cc
0x000000006eb83a4b:   cc cc cc cc cc 40 53 48 83 ec 20 48 85 c9 74 54
0x000000006eb83a5b:   48 8b 19 48 85 db 74 4c 48 b8 fe fe fe fe fe fe
0x000000006eb83a6b:   fe fe 48 3b d8 74 3d 80 3d 1f 05 61 00 00 74 15 


Register to memory mapping:

RAX=0x000000000cdaf401 is pointing into the stack for thread: 0x000000000c533000
RBX=0x000000000c533000 is a thread
RCX=0x74556e6f69737365 is an unknown value
RDX=0x0000000000000000 is an unknown value
RSP=0x000000000cdaf3c0 is pointing into the stack for thread: 0x000000000c533000
RBP=0x74556e6f69737365 is an unknown value
RSI=0x000000000cdaf4d8 is pointing into the stack for thread: 0x000000000c533000
RDI=0x00000000024fc0d0 is an unknown value
R8 =0x000000000c533000 is a thread
R9 =0x0000000000000700 is an unknown value
R10=0x0000000000000000 is an unknown value
R11=0x0000234e001e0002 is an unknown value
R12=0x0000000000000000 is an unknown value
R13=0x000000000ae65918 is an unknown value
R14=0x0000000000000000 is an unknown value
R15=0x0000000000000000 is an unknown value


Stack: [0x000000000ccb0000,0x000000000cdb0000],  sp=0x000000000cdaf3c0,  free space=1020k
Native frames: (J=compiled Java code, j=interpreted, Vv=VM code, C=native code)
V  [jvm.dll+0x143a5b]


---------------  P R O C E S S  ---------------

Java Threads: ( => current thread )
  0x0000000010a2d000 JavaThread "1820351064@qtp-459971850-11" [_thread_blocked, id=8844, stack(0x0000000013f30000,0x0000000014030000)]
  0x0000000010a2f000 JavaThread "424346576@qtp-459971850-5" [_thread_blocked, id=7576, stack(0x000000000ee90000,0x000000000ef90000)]
  0x00000000114a3000 JavaThread "commons-pool-EvictionTimer" daemon [_thread_blocked, id=12124, stack(0x000000000eb80000,0x000000000ec80000)]
  0x000000000e39a800 JavaThread "Timer-1" daemon [_thread_blocked, id=7324, stack(0x000000000e6c0000,0x000000000e7c0000)]
  0x000000000c7fd000 JavaThread "21102086@qtp-459971850-0 - Acceptor0 SelectChannelConnector@0.0.0.0:8080" [_thread_in_native, id=9564, stack(0x000000000dc50000,0x000000000dd50000)]
  0x000000000c6f9800 JavaThread "Thread-3" [_thread_in_native, id=9568, stack(0x000000000d9a0000,0x000000000daa0000)]
  0x000000000c6f9000 JavaThread "Thread-2" [_thread_blocked, id=11300, stack(0x000000000d890000,0x000000000d990000)]
  0x000000000c6d3000 JavaThread "Timer-0" daemon [_thread_blocked, id=11736, stack(0x000000000d5e0000,0x000000000d6e0000)]
  0x000000000c557000 JavaThread "Service Thread" daemon [_thread_blocked, id=11244, stack(0x000000000d190000,0x000000000d290000)]
  0x000000000c555000 JavaThread "C2 CompilerThread1" daemon [_thread_blocked, id=10264, stack(0x000000000d460000,0x000000000d560000)]
  0x000000000c54f800 JavaThread "C2 CompilerThread0" daemon [_thread_blocked, id=9500, stack(0x000000000d2d0000,0x000000000d3d0000)]
  0x000000000c541000 JavaThread "JDWP Command Reader" daemon [_thread_in_native, id=11992, stack(0x000000000d040000,0x000000000d140000)]
  0x000000000c53e000 JavaThread "JDWP Event Helper Thread" daemon [_thread_blocked, id=10180, stack(0x000000000cec0000,0x000000000cfc0000)]
=>0x000000000c533000 JavaThread "JDWP Transport Listener: dt_socket" daemon [_thread_in_vm, id=8144, stack(0x000000000ccb0000,0x000000000cdb0000)]
  0x000000000ae6c000 JavaThread "Attach Listener" daemon [_thread_blocked, id=8140, stack(0x000000000c430000,0x000000000c530000)]
  0x000000000ae64000 JavaThread "Signal Dispatcher" daemon [_thread_blocked, id=10968, stack(0x000000000c180000,0x000000000c280000)]
  0x000000000adf6000 JavaThread "Finalizer" daemon [_thread_blocked, id=4732, stack(0x000000000be30000,0x000000000bf30000)]
  0x000000000adef000 JavaThread "Reference Handler" daemon [_thread_blocked, id=7484, stack(0x000000000bf80000,0x000000000c080000)]
  0x00000000024ff800 JavaThread "main" [_thread_blocked, id=5568, stack(0x0000000002760000,0x0000000002860000)]

Other Threads:
  0x000000000ade9000 VMThread [stack: 0x000000000bd30000,0x000000000be30000] [id=11284]
  0x000000000c570000 WatcherThread [stack: 0x000000000d730000,0x000000000d830000] [id=11796]

VM state:not at safepoint (normal execution)

VM Mutex/Monitor currently owned by a thread: None

Heap
 PSYoungGen      total 512512K, used 103823K [0x00000007d6f00000, 0x00000007f7400000, 0x0000000800000000)
  eden space 497664K, 19% used [0x00000007d6f00000,0x00000007dcc6b1c8,0x00000007f5500000)
  from space 14848K, 54% used [0x00000007f6580000,0x00000007f6d78de8,0x00000007f7400000)
  to   space 15872K, 0% used [0x00000007f5500000,0x00000007f5500000,0x00000007f6480000)
 ParOldGen       total 83968K, used 16253K [0x0000000784e00000, 0x000000078a000000, 0x00000007d6f00000)
  object space 83968K, 19% used [0x0000000784e00000,0x0000000785ddf670,0x000000078a000000)
 PSPermGen       total 33280K, used 33063K [0x000000077ce00000, 0x000000077ee80000, 0x0000000784e00000)
  object space 33280K, 99% used [0x000000077ce00000,0x000000077ee49cf0,0x000000077ee80000)

Card table byte_map: [0x0000000005860000,0x0000000005c80000] byte_map_base: 0x0000000001c79000

Polling page: 0x00000000024a0000

Code Cache  [0x0000000002860000, 0x0000000002c50000, 0x0000000005860000)
 total_blobs=1213 nmethods=823 adapters=349 free_code_cache=45217Kb largest_free_block=46248064

Compilation events (10 events):
Event: 338.544 Thread 0x000000000c54f800  885             java.lang.AbstractStringBuilder::setLength (63 bytes)
Event: 338.550 Thread 0x000000000c54f800 nmethod 885 0x0000000002c3ee90 code [0x0000000002c3efe0, 0x0000000002c3f2c8]
Event: 340.722 Thread 0x000000000c555000  886             java.io.ObjectInputStream$PeekInputStream::readFully (48 bytes)
Event: 340.724 Thread 0x000000000c54f800  887             org.mortbay.util.Utf8StringBuffer::append (307 bytes)
Event: 340.726 Thread 0x000000000c54f800 nmethod 887 0x0000000002c3e690 code [0x0000000002c3e820, 0x0000000002c3ebe0]
Event: 340.731 Thread 0x000000000c555000 nmethod 886 0x0000000002c313d0 code [0x0000000002c31540, 0x0000000002c32698]
Event: 353.108 Thread 0x000000000c54f800  888             javax.el.ELContext::setPropertyResolved (6 bytes)
Event: 353.109 Thread 0x000000000c54f800 nmethod 888 0x0000000002c0abd0 code [0x0000000002c0ad00, 0x0000000002c0ad58]
Event: 495.551 Thread 0x000000000c54f800  889             sun.misc.VM::addFinalRefCount (24 bytes)
Event: 495.552 Thread 0x000000000c54f800 nmethod 889 0x0000000002c31150 code [0x0000000002c31280, 0x0000000002c312f8]

GC Heap History (10 events):
Event: 3.012 GC heap before
{Heap before GC invocations=4 (full 0):
 PSYoungGen      total 68608K, used 68605K [0x00000007d6f00000, 0x00000007df500000, 0x0000000800000000)
  eden space 63488K, 100% used [0x00000007d6f00000,0x00000007dad00000,0x00000007dad00000)
  from space 5120K, 99% used [0x00000007dad00000,0x00000007db1ff478,0x00000007db200000)
  to   space 5120K, 0% used [0x00000007df000000,0x00000007df000000,0x00000007df500000)
 ParOldGen       total 83968K, used 1429K [0x0000000784e00000, 0x000000078a000000, 0x00000007d6f00000)
  object space 83968K, 1% used [0x0000000784e00000,0x0000000784f655a8,0x000000078a000000)
 PSPermGen       total 21504K, used 16276K [0x000000077ce00000, 0x000000077e300000, 0x0000000784e00000)
  object space 21504K, 75% used [0x000000077ce00000,0x000000077dde5270,0x000000077e300000)
Event: 3.034 GC heap after
Heap after GC invocations=4 (full 0):
 PSYoungGen      total 132096K, used 5090K [0x00000007d6f00000, 0x00000007df500000, 0x0000000800000000)
  eden space 126976K, 0% used [0x00000007d6f00000,0x00000007d6f00000,0x00000007deb00000)
  from space 5120K, 99% used [0x00000007df000000,0x00000007df4f8a70,0x00000007df500000)
  to   space 5120K, 0% used [0x00000007deb00000,0x00000007deb00000,0x00000007df000000)
 ParOldGen       total 83968K, used 1825K [0x0000000784e00000, 0x000000078a000000, 0x00000007d6f00000)
  object space 83968K, 2% used [0x0000000784e00000,0x0000000784fc8618,0x000000078a000000)
 PSPermGen       total 21504K, used 16276K [0x000000077ce00000, 0x000000077e300000, 0x0000000784e00000)
  object space 21504K, 75% used [0x000000077ce00000,0x000000077dde5270,0x000000077e300000)
}
Event: 3.514 GC heap before
{Heap before GC invocations=5 (full 0):
 PSYoungGen      total 132096K, used 132066K [0x00000007d6f00000, 0x00000007df500000, 0x0000000800000000)
  eden space 126976K, 100% used [0x00000007d6f00000,0x00000007deb00000,0x00000007deb00000)
  from space 5120K, 99% used [0x00000007df000000,0x00000007df4f8a70,0x00000007df500000)
  to   space 5120K, 0% used [0x00000007deb00000,0x00000007deb00000,0x00000007df000000)
 ParOldGen       total 83968K, used 1825K [0x0000000784e00000, 0x000000078a000000, 0x00000007d6f00000)
  object space 83968K, 2% used [0x0000000784e00000,0x0000000784fc8618,0x000000078a000000)
 PSPermGen       total 21504K, used 16644K [0x000000077ce00000, 0x000000077e300000, 0x0000000784e00000)
  object space 21504K, 77% used [0x000000077ce00000,0x000000077de41320,0x000000077e300000)
Event: 3.526 GC heap after
Heap after GC invocations=5 (full 0):
 PSYoungGen      total 132096K, used 5090K [0x00000007d6f00000, 0x00000007e7600000, 0x0000000800000000)
  eden space 126976K, 0% used [0x00000007d6f00000,0x00000007d6f00000,0x00000007deb00000)
  from space 5120K, 99% used [0x00000007deb00000,0x00000007deff8a50,0x00000007df000000)
  to   space 7680K, 0% used [0x00000007e6e80000,0x00000007e6e80000,0x00000007e7600000)
 ParOldGen       total 83968K, used 3290K [0x0000000784e00000, 0x000000078a000000, 0x00000007d6f00000)
  object space 83968K, 3% used [0x0000000784e00000,0x0000000785136938,0x000000078a000000)
 PSPermGen       total 21504K, used 16644K [0x000000077ce00000, 0x000000077e300000, 0x0000000784e00000)
  object space 21504K, 77% used [0x000000077ce00000,0x000000077de41320,0x000000077e300000)
}
Event: 5.133 GC heap before
{Heap before GC invocations=6 (full 0):
 PSYoungGen      total 132096K, used 132066K [0x00000007d6f00000, 0x00000007e7600000, 0x0000000800000000)
  eden space 126976K, 100% used [0x00000007d6f00000,0x00000007deb00000,0x00000007deb00000)
  from space 5120K, 99% used [0x00000007deb00000,0x00000007deff8a50,0x00000007df000000)
  to   space 7680K, 0% used [0x00000007e6e80000,0x00000007e6e80000,0x00000007e7600000)
 ParOldGen       total 83968K, used 3290K [0x0000000784e00000, 0x000000078a000000, 0x00000007d6f00000)
  object space 83968K, 3% used [0x0000000784e00000,0x0000000785136938,0x000000078a000000)
 PSPermGen       total 24064K, used 23705K [0x000000077ce00000, 0x000000077e580000, 0x0000000784e00000)
  object space 24064K, 98% used [0x000000077ce00000,0x000000077e526750,0x000000077e580000)
Event: 5.152 GC heap after
Heap after GC invocations=6 (full 0):
 PSYoungGen      total 256512K, used 7669K [0x00000007d6f00000, 0x00000007e8000000, 0x0000000800000000)
  eden space 248832K, 0% used [0x00000007d6f00000,0x00000007d6f00000,0x00000007e6200000)
  from space 7680K, 99% used [0x00000007e6e80000,0x00000007e75fd5c8,0x00000007e7600000)
  to   space 12800K, 0% used [0x00000007e6200000,0x00000007e6200000,0x00000007e6e80000)
 ParOldGen       total 83968K, used 11068K [0x0000000784e00000, 0x000000078a000000, 0x00000007d6f00000)
  object space 83968K, 13% used [0x0000000784e00000,0x00000007858cf1b0,0x000000078a000000)
 PSPermGen       total 24064K, used 23705K [0x000000077ce00000, 0x000000077e580000, 0x0000000784e00000)
  object space 24064K, 98% used [0x000000077ce00000,0x000000077e526750,0x000000077e580000)
}
Event: 73.617 GC heap before
{Heap before GC invocations=7 (full 0):
 PSYoungGen      total 256512K, used 256501K [0x00000007d6f00000, 0x00000007e8000000, 0x0000000800000000)
  eden space 248832K, 100% used [0x00000007d6f00000,0x00000007e6200000,0x00000007e6200000)
  from space 7680K, 99% used [0x00000007e6e80000,0x00000007e75fd5c8,0x00000007e7600000)
  to   space 12800K, 0% used [0x00000007e6200000,0x00000007e6200000,0x00000007e6e80000)
 ParOldGen       total 83968K, used 11068K [0x0000000784e00000, 0x000000078a000000, 0x00000007d6f00000)
  object space 83968K, 13% used [0x0000000784e00000,0x00000007858cf1b0,0x000000078a000000)
 PSPermGen       total 32768K, used 32611K [0x000000077ce00000, 0x000000077ee00000, 0x0000000784e00000)
  object space 32768K, 99% used [0x000000077ce00000,0x000000077edd8fe8,0x000000077ee00000)
Event: 73.643 GC heap after
Heap after GC invocations=7 (full 0):
 PSYoungGen      total 261632K, used 12776K [0x00000007d6f00000, 0x00000007f7600000, 0x0000000800000000)
  eden space 248832K, 0% used [0x00000007d6f00000,0x00000007d6f00000,0x00000007e6200000)
  from space 12800K, 99% used [0x00000007e6200000,0x00000007e6e7a210,0x00000007e6e80000)
  to   space 16896K, 0% used [0x00000007f6580000,0x00000007f6580000,0x00000007f7600000)
 ParOldGen       total 83968K, used 14640K [0x0000000784e00000, 0x000000078a000000, 0x00000007d6f00000)
  object space 83968K, 17% used [0x0000000784e00000,0x0000000785c4c198,0x000000078a000000)
 PSPermGen       total 32768K, used 32611K [0x000000077ce00000, 0x000000077ee00000, 0x0000000784e00000)
  object space 32768K, 99% used [0x000000077ce00000,0x000000077edd8fe8,0x000000077ee00000)
}
Event: 495.530 GC heap before
{Heap before GC invocations=8 (full 0):
 PSYoungGen      total 261632K, used 261608K [0x00000007d6f00000, 0x00000007f7600000, 0x0000000800000000)
  eden space 248832K, 100% used [0x00000007d6f00000,0x00000007e6200000,0x00000007e6200000)
  from space 12800K, 99% used [0x00000007e6200000,0x00000007e6e7a210,0x00000007e6e80000)
  to   space 16896K, 0% used [0x00000007f6580000,0x00000007f6580000,0x00000007f7600000)
 ParOldGen       total 83968K, used 14640K [0x0000000784e00000, 0x000000078a000000, 0x00000007d6f00000)
  object space 83968K, 17% used [0x0000000784e00000,0x0000000785c4c198,0x000000078a000000)
 PSPermGen       total 33280K, used 33051K [0x000000077ce00000, 0x000000077ee80000, 0x0000000784e00000)
  object space 33280K, 99% used [0x000000077ce00000,0x000000077ee46c98,0x000000077ee80000)
Event: 495.550 GC heap after
Heap after GC invocations=8 (full 0):
 PSYoungGen      total 512512K, used 8163K [0x00000007d6f00000, 0x00000007f7400000, 0x0000000800000000)
  eden space 497664K, 0% used [0x00000007d6f00000,0x00000007d6f00000,0x00000007f5500000)
  from space 14848K, 54% used [0x00000007f6580000,0x00000007f6d78de8,0x00000007f7400000)
  to   space 15872K, 0% used [0x00000007f5500000,0x00000007f5500000,0x00000007f6480000)
 ParOldGen       total 83968K, used 16253K [0x0000000784e00000, 0x000000078a000000, 0x00000007d6f00000)
  object space 83968K, 19% used [0x0000000784e00000,0x0000000785ddf670,0x000000078a000000)
 PSPermGen       total 33280K, used 33051K [0x000000077ce00000, 0x000000077ee80000, 0x0000000784e00000)
  object space 33280K, 99% used [0x000000077ce00000,0x000000077ee46c98,0x000000077ee80000)
}

Deoptimization events (10 events):
Event: 288.752 Thread 0x0000000010a2f000 Uncommon trap: reason=unreached action=reinterpret pc=0x0000000002a18b48 method=java.net.URL.set(Ljava/lang/String;Ljava/lang/String;ILjava/lang/String;Ljava/lang/String;Ljava/lang/String;Ljava/lang/String;Ljava/lang/String;)V @ 23
Event: 303.251 Thread 0x0000000010a2d800 Uncommon trap: reason=unhandled action=none pc=0x0000000002c28a38 method=org.mortbay.jetty.HttpParser.parseNext()J @ 507
Event: 340.724 Thread 0x0000000010a2d000 Uncommon trap: reason=bimorphic action=maybe_recompile pc=0x0000000002abef98 method=java.net.URL.<init>(Ljava/net/URL;Ljava/lang/String;Ljava/net/URLStreamHandler;)V @ 504
Event: 340.724 Thread 0x0000000010a2d000 Uncommon trap: reason=unreached action=reinterpret pc=0x0000000002a16118 method=java.net.URL.set(Ljava/lang/String;Ljava/lang/String;ILjava/lang/String;Ljava/lang/String;Ljava/lang/String;Ljava/lang/String;Ljava/lang/String;)V @ 23
Event: 469.253 Thread 0x000000000c74f000 Uncommon trap: reason=unhandled action=none pc=0x0000000002c28a38 method=org.mortbay.jetty.HttpParser.parseNext()J @ 507
Event: 469.253 Thread 0x0000000010a31800 Uncommon trap: reason=unhandled action=none pc=0x0000000002c28a38 method=org.mortbay.jetty.HttpParser.parseNext()J @ 507
Event: 469.254 Thread 0x0000000010a2d000 Uncommon trap: reason=unhandled action=none pc=0x0000000002c28a38 method=org.mortbay.jetty.HttpParser.parseNext()J @ 507
Event: 469.254 Thread 0x0000000010a31800 Uncommon trap: reason=unhandled action=none pc=0x0000000002c28a38 method=org.mortbay.jetty.HttpParser.parseNext()J @ 507
Event: 469.254 Thread 0x0000000010a2f000 Uncommon trap: reason=unhandled action=none pc=0x0000000002c28a38 method=org.mortbay.jetty.HttpParser.parseNext()J @ 507
Event: 469.254 Thread 0x0000000010a30800 Uncommon trap: reason=unhandled action=none pc=0x0000000002c28a38 method=org.mortbay.jetty.HttpParser.parseNext()J @ 507

Internal exceptions (10 events):
Event: 111.496 Thread 0x0000000010a30800 Threw 0x00000007db6b1fc8 at C:\re\jdk7u60\1081\hotspot\src\share\vm\prims\jvm.cpp:1244
Event: 111.496 Thread 0x0000000010a30800 Threw 0x00000007db6b22f0 at C:\re\jdk7u60\1081\hotspot\src\share\vm\prims\jvm.cpp:1244
Event: 111.499 Thread 0x0000000010a30800 Threw 0x00000007db72d030 at C:\re\jdk7u60\1081\hotspot\src\share\vm\prims\jvm.cpp:1244
Event: 111.499 Thread 0x0000000010a30800 Threw 0x00000007db72d358 at C:\re\jdk7u60\1081\hotspot\src\share\vm\prims\jvm.cpp:1244
Event: 111.500 Thread 0x0000000010a30800 Threw 0x00000007db734538 at C:\re\jdk7u60\1081\hotspot\src\share\vm\prims\jvm.cpp:1244
Event: 111.500 Thread 0x0000000010a30800 Threw 0x00000007db734860 at C:\re\jdk7u60\1081\hotspot\src\share\vm\prims\jvm.cpp:1244
Event: 111.539 Thread 0x0000000010a30800 Threw 0x00000007dbcbb110 at C:\re\jdk7u60\1081\hotspot\src\share\vm\prims\jvm.cpp:1244
Event: 111.539 Thread 0x0000000010a30800 Threw 0x00000007dbcbb438 at C:\re\jdk7u60\1081\hotspot\src\share\vm\prims\jvm.cpp:1244
Event: 111.540 Thread 0x0000000010a30800 Threw 0x00000007dbcc24a8 at C:\re\jdk7u60\1081\hotspot\src\share\vm\prims\jvm.cpp:1244
Event: 111.540 Thread 0x0000000010a30800 Threw 0x00000007dbcc27d0 at C:\re\jdk7u60\1081\hotspot\src\share\vm\prims\jvm.cpp:1244

Events (10 events):
Event: 495.550 Executing VM operation: ParallelGCFailedAllocation done
Event: 495.552 Thread 0x000000000c54f800 flushing nmethod 0x00000000029c4690
Event: 529.259 Thread 0x0000000010a31800 Thread exited: 0x0000000010a31800
Event: 589.252 Thread 0x0000000010a2d800 Thread exited: 0x0000000010a2d800
Event: 649.251 Thread 0x0000000010a30800 Thread exited: 0x0000000010a30800
Event: 769.248 Thread 0x000000000c74f000 Thread exited: 0x000000000c74f000
Event: 837.794 Executing VM operation: ChangeBreakpoints
Event: 837.794 Executing VM operation: ChangeBreakpoints done
Event: 837.809 Executing VM operation: RedefineClasses
Event: 837.816 Executing VM operation: RedefineClasses done


Dynamic libraries:
0x000000013f2d0000 - 0x000000013f303000 	C:\Program Files\Java\jdk1.7.0_60\bin\javaw.exe
0x00000000775f0000 - 0x0000000077798000 	C:\Windows\SYSTEM32\ntdll.dll
0x00000000773d0000 - 0x00000000774ef000 	C:\Windows\system32\kernel32.dll
0x000007fefd3b0000 - 0x000007fefd41c000 	C:\Windows\system32\KERNELBASE.dll
0x000007feff820000 - 0x000007feff8fb000 	C:\Windows\system32\ADVAPI32.dll
0x000007fefef40000 - 0x000007fefefdf000 	C:\Windows\system32\msvcrt.dll
0x000007feff370000 - 0x000007feff38f000 	C:\Windows\SYSTEM32\sechost.dll
0x000007feff240000 - 0x000007feff36d000 	C:\Windows\system32\RPCRT4.dll
0x00000000774f0000 - 0x00000000775ea000 	C:\Windows\system32\USER32.dll
0x000007feff7b0000 - 0x000007feff817000 	C:\Windows\system32\GDI32.dll
0x000007fefd9d0000 - 0x000007fefd9de000 	C:\Windows\system32\LPK.dll
0x000007fefd7a0000 - 0x000007fefd869000 	C:\Windows\system32\USP10.dll
0x000007fefba60000 - 0x000007fefbc54000 	C:\Windows\WinSxS\amd64_microsoft.windows.common-controls_6595b64144ccf1df_6.0.7601.18837_none_fa3b1e3d17594757\COMCTL32.dll
0x000007fefeec0000 - 0x000007fefef31000 	C:\Windows\system32\SHLWAPI.dll
0x000007fefd9a0000 - 0x000007fefd9ce000 	C:\Windows\system32\IMM32.DLL
0x000007feff6a0000 - 0x000007feff7a9000 	C:\Windows\system32\MSCTF.dll
0x000007fefd280000 - 0x000007fefd2b2000 	C:\Windows\system32\nvinitx.dll
0x000000000f000000 - 0x000000000f006000 	C:\Program Files\NVIDIA Corporation\CoProcManager\detoured.dll
0x000007fefa0c0000 - 0x000007fefa0f3000 	C:\Program Files\NVIDIA Corporation\CoProcManager\nvd3d9wrapx.dll
0x000007fefd9e0000 - 0x000007fefdbb7000 	C:\Windows\system32\SETUPAPI.dll
0x000007fefd570000 - 0x000007fefd5a6000 	C:\Windows\system32\CFGMGR32.dll
0x000007fefdcc0000 - 0x000007fefdd97000 	C:\Windows\system32\OLEAUT32.dll
0x000007fefecb0000 - 0x000007fefeeb3000 	C:\Windows\system32\ole32.dll
0x000007fefd5e0000 - 0x000007fefd5fa000 	C:\Windows\system32\DEVOBJ.dll
0x000007fefa090000 - 0x000007fefa0b3000 	C:\Program Files\NVIDIA Corporation\CoProcManager\nvdxgiwrapx.dll
0x0000000078e40000 - 0x0000000078f12000 	C:\Program Files\Java\jdk1.7.0_60\jre\bin\msvcr100.dll
0x000000006ea40000 - 0x000000006f212000 	C:\Program Files\Java\jdk1.7.0_60\jre\bin\server\jvm.dll
0x000007fef8920000 - 0x000007fef8929000 	C:\Windows\system32\WSOCK32.dll
0x000007feff650000 - 0x000007feff69d000 	C:\Windows\system32\WS2_32.dll
0x000007fefd790000 - 0x000007fefd798000 	C:\Windows\system32\NSI.dll
0x0000000002360000 - 0x000000000239b000 	C:\Windows\system32\WINMM.dll
0x00000000777c0000 - 0x00000000777c7000 	C:\Windows\system32\PSAPI.DLL
0x0000000071110000 - 0x000000007111f000 	C:\Program Files\Java\jdk1.7.0_60\jre\bin\verify.dll
0x0000000070fb0000 - 0x0000000070fd8000 	C:\Program Files\Java\jdk1.7.0_60\jre\bin\java.dll
0x0000000051280000 - 0x00000000512b5000 	C:\Program Files\Java\jdk1.7.0_60\jre\bin\jdwp.dll
0x0000000071120000 - 0x0000000071128000 	C:\Program Files\Java\jdk1.7.0_60\jre\bin\npt.dll
0x0000000058660000 - 0x0000000058675000 	C:\Program Files\Java\jdk1.7.0_60\jre\bin\zip.dll
0x0000000070fa0000 - 0x0000000070fa9000 	C:\Program Files\Java\jdk1.7.0_60\jre\bin\dt_socket.dll
0x000007fefb540000 - 0x000007fefb555000 	C:\Windows\system32\NLAapi.dll
0x000007fef8ad0000 - 0x000007fef8ae5000 	C:\Windows\system32\napinsp.dll
0x000007fef8a30000 - 0x000007fef8a49000 	C:\Windows\system32\pnrpnsp.dll
0x000007fefcaf0000 - 0x000007fefcb45000 	C:\Windows\System32\mswsock.dll
0x000007fefc970000 - 0x000007fefc9cb000 	C:\Windows\system32\DNSAPI.dll
0x000007fef91c0000 - 0x000007fef91cb000 	C:\Windows\System32\winrnr.dll
0x000007fef89b0000 - 0x000007fef89c0000 	C:\Windows\system32\wshbth.dll
0x000007fefb220000 - 0x000007fefb247000 	C:\Windows\system32\IPHLPAPI.DLL
0x000007fefb210000 - 0x000007fefb21b000 	C:\Windows\system32\WINNSI.DLL
0x000007fef9bf0000 - 0x000007fef9c43000 	C:\Windows\System32\fwpuclnt.dll
0x000007fef7ff0000 - 0x000007fef7ff8000 	C:\Windows\system32\rasadhlp.dll
0x000007fefc490000 - 0x000007fefc497000 	C:\Windows\System32\wshtcpip.dll
0x00000000512e0000 - 0x00000000512f9000 	C:\Program Files\Java\jdk1.7.0_60\jre\bin\net.dll
0x000007fefcae0000 - 0x000007fefcae7000 	C:\Windows\System32\wship6.dll
0x0000000052240000 - 0x0000000052251000 	C:\Program Files\Java\jdk1.7.0_60\jre\bin\nio.dll
0x000007fefcb50000 - 0x000007fefcb67000 	C:\Windows\system32\CRYPTSP.dll
0x000007fefc810000 - 0x000007fefc857000 	C:\Windows\system32\rsaenh.dll
0x000007fefc5c0000 - 0x000007fefc5de000 	C:\Windows\system32\USERENV.dll
0x000007fefd2c0000 - 0x000007fefd2cf000 	C:\Windows\system32\profapi.dll
0x000007fefd1b0000 - 0x000007fefd1bf000 	C:\Windows\system32\CRYPTBASE.dll
0x0000000070a70000 - 0x0000000070a7b000 	C:\Program Files\Java\jdk1.7.0_60\jre\bin\management.dll
0x000007fef9a80000 - 0x000007fef9a91000 	C:\Windows\system32\dhcpcsvc6.DLL
0x000007fef9a60000 - 0x000007fef9a78000 	C:\Windows\system32\dhcpcsvc.DLL
0x000007fef8b80000 - 0x000007fef8ca5000 	C:\Windows\system32\dbghelp.dll

VM Arguments:
jvm_args: -agentlib:jdwp=transport=dt_socket,suspend=y,address=localhost:51579 -Drjrcontext=/creditloans-ui -Drjrwebapp=D:\GitHub\Temp\credit_loans\creditloans-ui\src\main\webapp -Drjrport=8080 -Drjrsslport=8443 -Drjrkeystore=C:\Users\Administrator\.keystore -Drjrkeypassword=changeit -Drjrpassword=changeit -Drjrscanintervalseconds=5 -Drjrenablescanner=true -DrjrignoreScanClassFile=true -Drjrenablessl=false -Drjrneedclientauth=false -Drjrparentloaderpriority=true -DrjrenbaleJNDI=false -XX:MaxPermSize=128m -Drjrclasspath=file://D:\GitHub\Temp\credit_loans\.metadata\.plugins\runjettyrun\creditloans-ui.classpath -Drjrscanlist=file://D:\GitHub\Temp\credit_loans\.metadata\.plugins\runjettyrun\creditloans-ui.scanlist -DrjrResourceMapping= -DrjrEclipseListener=59942 -Dfile.encoding=UTF-8 
java_command: runjettyrun.Bootstrap
Launcher Type: SUN_STANDARD

Environment Variables:
JAVA_HOME=C:\Program Files\Java\jdk1.7.0_60
CLASSPATH=C:\Program Files\Java\jdk1.7.0_60\lib\dt.jar;C:\Program Files\Java\jdk1.7.0_60\lib\tools.jar;
PATH=C:\Program Files\Java\jdk1.7.0_60\jre\bin;C:/Program Files (x86)/Java/jre6/bin/client;C:/Program Files (x86)/Java/jre6/bin;C:/Program Files (x86)/Java/jre6/lib/i386;C:\Program Files (x86)\Common Files\NetSarang;C:\Windows\system32;C:\Windows;C:\Windows\System32\Wbem;C:\Windows\System32\WindowsPowerShell\v1.0\;C:\Program Files\Java\jdk1.7.0_60/bin;D:\java\apache-maven-3.0.5/bin;C:\Program Files\MySQL\MySQL Server 5.5\bin;C:\Program Files\TortoiseSVN\bin;D:\java\eclipse\eclipse-jee-indigo-SR2-win32+WB;
USERNAME=Administrator
OS=Windows_NT
PROCESSOR_IDENTIFIER=Intel64 Family 6 Model 60 Stepping 3, GenuineIntel



---------------  S Y S T E M  ---------------

OS: Windows 7 , 64 bit Build 7601 Service Pack 1

CPU:total 4 (2 cores per cpu, 2 threads per core) family 6 model 60 stepping 3, cmov, cx8, fxsr, mmx, sse, sse2, sse3, ssse3, sse4.1, sse4.2, popcnt, avx, avx2, aes, erms, ht, tsc, tscinvbit

Memory: 4k page, physical 8066276k(3017396k free), swap 16130700k(7887836k free)

vm_info: Java HotSpot(TM) 64-Bit Server VM (24.60-b09) for windows-amd64 JRE (1.7.0_60-b19), built on May  7 2014 12:55:18 by "java_re" with unknown MS VC++:1600

time: Wed Jul 15 18:03:06 2015
elapsed time: 837 seconds

